<?xml version="1.0" encoding="UTF-8"?>
<!-- Generated by org.testng.reporters.JUnitReportReporter -->
<testsuite hostname="ndi-mb-199" failures="0" tests="3" name="com.qa.opencart.tests.RegisterPageTest" time="23.315" errors="0" timestamp="2023-09-26T11:30:26 IST" skipped="0">
  <testcase classname="com.qa.opencart.tests.RegisterPageTest" name="userRegisterTest" time="5.980"/>
  <testcase classname="com.qa.opencart.tests.RegisterPageTest" name="userRegisterTest" time="5.676"/>
  <testcase classname="com.qa.opencart.tests.RegisterPageTest" name="userRegisterTest" time="11.659"/>
</testsuite> <!-- com.qa.opencart.tests.RegisterPageTest -->
