<?xml version="1.0" encoding="UTF-8"?>
<!-- Generated by org.testng.reporters.JUnitReportReporter -->
<testsuite hostname="ndi-mb-199" failures="0" tests="7" name="com.qa.opencart.tests.AccountsPageTest" time="11.336" errors="0" timestamp="2023-09-26T11:26:30 IST" skipped="0">
  <testcase classname="com.qa.opencart.tests.AccountsPageTest" name="searchTest" time="2.415"/>
  <testcase classname="com.qa.opencart.tests.AccountsPageTest" name="accPageTitleTest" time="0.153"/>
  <testcase classname="com.qa.opencart.tests.AccountsPageTest" name="searchTest" time="2.423"/>
  <testcase classname="com.qa.opencart.tests.AccountsPageTest" name="logoutLinkExistTest" time="0.612"/>
  <testcase classname="com.qa.opencart.tests.AccountsPageTest" name="accPageHeadersTest" time="0.920"/>
  <testcase classname="com.qa.opencart.tests.AccountsPageTest" name="accPageHeadersCountTest" time="0.404"/>
  <testcase classname="com.qa.opencart.tests.AccountsPageTest" name="searchTest" time="4.409"/>
</testsuite> <!-- com.qa.opencart.tests.AccountsPageTest -->
